Added Component: Designator=*(STM32F407Vet6)
Add component. Clean all parameters for all variants
Added Pin To Net: NetName=PE2 Pin=*-1
Added Pin To Net: NetName=PE3 Pin=*-2
Added Pin To Net: NetName=PE4 Pin=*-3
Added Pin To Net: NetName=PE5 Pin=*-4
Added Pin To Net: NetName=PE6 Pin=*-5
Added Pin To Net: NetName=VDD Pin=*-6
Added Pin To Net: NetName=PC14 Pin=*-8
Added Pin To Net: NetName=PC15 Pin=*-9
Added Pin To Net: NetName=GND Pin=*-10
Added Pin To Net: NetName=VDD Pin=*-11
Added Pin To Net: NetName=PH0 Pin=*-12
Added Pin To Net: NetName=PH1 Pin=*-13
Added Pin To Net: NetName=RST Pin=*-14
Added Pin To Net: NetName=ADC_SOLAR Pin=*-15
Added Pin To Net: NetName=VDD Pin=*-19
Added Pin To Net: NetName=Net*_20 Pin=*-20
Added Pin To Net: NetName=Net*_21 Pin=*-21
Added Pin To Net: NetName=VREF+ Pin=*-22
Added Pin To Net: NetName=UART4_TX Pin=*-23
Added Pin To Net: NetName=UART4_RX Pin=*-24
Added Pin To Net: NetName=BUZZ Pin=*-25
Added Pin To Net: NetName=SERVO Pin=*-26
Added Pin To Net: NetName=GND Pin=*-27
Added Pin To Net: NetName=VDD Pin=*-28
Added Pin To Net: NetName=SPI1_CSN Pin=*-29
Added Pin To Net: NetName=SPI1_SCK Pin=*-30
Added Pin To Net: NetName=SPI1_MISO Pin=*-31
Added Pin To Net: NetName=SPI1_MOSI Pin=*-32
Added Pin To Net: NetName=NRF_IRQ Pin=*-33
Added Pin To Net: NetName=NRF_CE Pin=*-34
Added Pin To Net: NetName=Net*_37 Pin=*-37
Added Pin To Net: NetName=PE7 Pin=*-38
Added Pin To Net: NetName=PE8 Pin=*-39
Added Pin To Net: NetName=PB9 Pin=*-40
Added Pin To Net: NetName=PE10 Pin=*-41
Added Pin To Net: NetName=PE11 Pin=*-42
Added Pin To Net: NetName=PE12 Pin=*-43
Added Pin To Net: NetName=PE13 Pin=*-44
Added Pin To Net: NetName=PE14 Pin=*-45
Added Pin To Net: NetName=PE15 Pin=*-46
Added Pin To Net: NetName=UART3_TX Pin=*-47
Added Pin To Net: NetName=UART3_RX Pin=*-48
Added Pin To Net: NetName=Net*_49 Pin=*-49
Added Pin To Net: NetName=VDD Pin=*-50
Added Pin To Net: NetName=PB12 Pin=*-51
Added Pin To Net: NetName=PB13 Pin=*-52
Added Pin To Net: NetName=PB14 Pin=*-53
Added Pin To Net: NetName=PD8 Pin=*-55
Added Pin To Net: NetName=PD9 Pin=*-56
Added Pin To Net: NetName=PD10 Pin=*-57
Added Pin To Net: NetName=PD11 Pin=*-58
Added Pin To Net: NetName=ESC1 Pin=*-59
Added Pin To Net: NetName=ESC2 Pin=*-60
Added Pin To Net: NetName=ESC3 Pin=*-61
Added Pin To Net: NetName=ESC4 Pin=*-62
Added Pin To Net: NetName=SOLAR Pin=*-67
Added Pin To Net: NetName=UART1_TX Pin=*-68
Added Pin To Net: NetName=UART1_RX Pin=*-69
Added Pin To Net: NetName=JTMS Pin=*-72
Added Pin To Net: NetName=Net*_73 Pin=*-73
Added Pin To Net: NetName=GND Pin=*-74
Added Pin To Net: NetName=VDD Pin=*-75
Added Pin To Net: NetName=JTCK Pin=*-76
Added Pin To Net: NetName=JTDI Pin=*-77
Added Pin To Net: NetName=UART5_TX Pin=*-80
Added Pin To Net: NetName=PD0 Pin=*-81
Added Pin To Net: NetName=PD1 Pin=*-82
Added Pin To Net: NetName=UART5_RX Pin=*-83
Added Pin To Net: NetName=PD3 Pin=*-84
Added Pin To Net: NetName=PD4 Pin=*-85
Added Pin To Net: NetName=PD5 Pin=*-86
Added Pin To Net: NetName=PD6 Pin=*-87
Added Pin To Net: NetName=PD7 Pin=*-88
Added Pin To Net: NetName=JTDO Pin=*-89
Added Pin To Net: NetName=NJTRTS Pin=*-90
Added Pin To Net: NetName=PB5 Pin=*-91
Added Pin To Net: NetName=PB6 Pin=*-92
Added Pin To Net: NetName=PB7 Pin=*-93
Added Pin To Net: NetName=Net*_94 Pin=*-94
Added Pin To Net: NetName=PB8 Pin=*-95
Added Pin To Net: NetName=PB9 Pin=*-96
Added Pin To Net: NetName=PE0 Pin=*-97
Added Pin To Net: NetName=PE1 Pin=*-98
Added Pin To Net: NetName=GND Pin=*-99
Added Pin To Net: NetName=VDD Pin=*-100
Added Member To Class: ClassName=Drone Member=Component * STM32F407
