Removed Pin From Net: NetName=PB9 Pin=*-40
Removed Pin From Net: NetName=5V Pin=CN1-1
Removed Pin From Net: NetName=GND Pin=CN1-2
Removed Pin From Net: NetName=5V Pin=CN1-3
Removed Pin From Net: NetName=GND Pin=CN1-4
Removed Pin From Net: NetName=3V3 Pin=CN1-5
Removed Pin From Net: NetName=GND Pin=CN1-6
Removed Pin From Net: NetName=3V3 Pin=CN1-7
Removed Pin From Net: NetName=PC1 Pin=CN1-8
Removed Pin From Net: NetName=3V3 Pin=CN1-9
Removed Pin From Net: NetName=PC2 Pin=CN1-10
Removed Pin From Net: NetName=PE12 Pin=CN1-11
Removed Pin From Net: NetName=PC3 Pin=CN1-12
Removed Pin From Net: NetName=PB12 Pin=CN1-13
Removed Pin From Net: NetName=PB14 Pin=CN1-15
Removed Pin From Net: NetName=5V Pin=CN2-1
Removed Pin From Net: NetName=GND Pin=CN2-2
Removed Pin From Net: NetName=PD4 Pin=CN2-3
Removed Pin From Net: NetName=PD3 Pin=CN2-4
Removed Pin From Net: NetName=PE1 Pin=CN2-5
Removed Pin From Net: NetName=PB5 Pin=CN2-6
Removed Pin From Net: NetName=PB9 Pin=CN2-7
Removed Pin From Net: NetName=PE0 Pin=CN2-8
Removed Pin From Net: NetName=PB13 Pin=CN2-16
Removed Member From Class: ClassName=Drone Member=CN1
Removed Member From Class: ClassName=Drone Member=CN2
Added Component: Designator=JP1(Jump Doi Duc Thang 2.54_3x2)
Add component. Clean all parameters for all variants
Add component (AddParameter): Name = "Chung_Loai"; Value = "C?m"; VariantName = "[No Variations]"
Add component (AddParameter): Name = "Don_Vi"; Value = "Con"; VariantName = "[No Variations]"
Add component (AddParameter): Name = "Ma_Hang"; Value = "MH002686"; VariantName = "[No Variations]"
Add component (AddParameter): Name = "Ten_Linh_Kien"; Value = "Jump Ðôi Ð?c 2.54MM 2x40P Th?ng 11MM"; VariantName = "[No Variations]"
Added Component: Designator=JP2(Jump Don Duc Thang 2.54_8p)
Add component. Clean all parameters for all variants
Add component (AddParameter): Name = "Chung_Loai"; Value = "C?m"; VariantName = "[No Variations]"
Add component (AddParameter): Name = "Don_Vi"; Value = "Con"; VariantName = "[No Variations]"
Add component (AddParameter): Name = "Ghi_Chu"; Value = ""; VariantName = "[No Variations]"
Add component (AddParameter): Name = "Kieu Chan"; Value = ""; VariantName = "[No Variations]"
Add component (AddParameter): Name = "Ma_Hang"; Value = "MH000903"; VariantName = "[No Variations]"
Add component (AddParameter): Name = "Ten_Linh_Kien"; Value = "Jump Ðon Ð?c 2.54MM 1x40P Th?ng 11MM"; VariantName = "[No Variations]"
Added Component: Designator=JP3(Jump Don Duc Thang 2.54_8p)
Add component. Clean all parameters for all variants
Add component (AddParameter): Name = "Chung_Loai"; Value = "C?m"; VariantName = "[No Variations]"
Add component (AddParameter): Name = "Don_Vi"; Value = "Con"; VariantName = "[No Variations]"
Add component (AddParameter): Name = "Ghi_Chu"; Value = ""; VariantName = "[No Variations]"
Add component (AddParameter): Name = "Kieu Chan"; Value = ""; VariantName = "[No Variations]"
Add component (AddParameter): Name = "Ma_Hang"; Value = "MH000903"; VariantName = "[No Variations]"
Add component (AddParameter): Name = "Ten_Linh_Kien"; Value = "Jump Ðon Ð?c 2.54MM 1x40P Th?ng 11MM"; VariantName = "[No Variations]"
Added Pin To Net: NetName=PB9 Pin=*-96
Added Pin To Net: NetName=5V Pin=JP1-1
Added Pin To Net: NetName=3V3 Pin=JP1-2
Added Pin To Net: NetName=5V Pin=JP1-3
Added Pin To Net: NetName=3V3 Pin=JP1-4
Added Pin To Net: NetName=GND Pin=JP1-5
Added Pin To Net: NetName=GND Pin=JP1-6
Added Pin To Net: NetName=PE12 Pin=JP2-1
Added Pin To Net: NetName=PE4 Pin=JP2-2
Added Pin To Net: NetName=PE3 Pin=JP2-3
Added Pin To Net: NetName=PE2 Pin=JP2-4
Added Pin To Net: NetName=PE1 Pin=JP2-5
Added Pin To Net: NetName=PE0 Pin=JP2-6
Added Pin To Net: NetName=PD4 Pin=JP2-7
Added Pin To Net: NetName=PD3 Pin=JP2-8
Added Pin To Net: NetName=PB9 Pin=JP3-7
Change Net Name : Old Net Name=3V3 New Net Name=VREF+
Added Pin To Net: NetName=PA15 Pin=*-77
Added Pin To Net: NetName=PA15 Pin=JP3-8
Added Net: Name=PA15
Added Pin To Net: NetName=PB10 Pin=*-47
Added Pin To Net: NetName=PB10 Pin=JP3-6
Added Net: Name=PB10
Added Pin To Net: NetName=PB11 Pin=*-48
Added Pin To Net: NetName=PB11 Pin=JP3-5
Added Net: Name=PB11
Added Pin To Net: NetName=PC6 Pin=*-63
Added Pin To Net: NetName=PC6 Pin=JP3-4
Added Net: Name=PC6
Added Pin To Net: NetName=PC7 Pin=*-64
Added Pin To Net: NetName=PC7 Pin=JP3-3
Added Net: Name=PC7
Added Pin To Net: NetName=PC8 Pin=*-65
Added Pin To Net: NetName=PC8 Pin=JP3-2
Added Net: Name=PC8
Added Pin To Net: NetName=PC9 Pin=*-66
Added Pin To Net: NetName=PC9 Pin=JP3-1
Added Net: Name=PC9
Added Member To Class: ClassName=Drone Member=Component JP1 Show nguon
Added Member To Class: ClassName=Drone Member=Component JP2 2.54_8P
Added Member To Class: ClassName=Drone Member=Component JP3 2.54_8P
Added Room: Name=Drone
