Removed Pin From Net: NetName=PD7 Pin=P5-3
Removed Pin From Net: NetName=PD6 Pin=P5-4
Removed Pin From Net: NetName=PD5 Pin=P5-5
Removed Pin From Net: NetName=PB9 Pin=Q2-1
Removed Pin From Net: NetName=PE5 Pin=Q3-1
Removed Pin From Net: NetName=PE6 Pin=Q4-1
Removed Pin From Net: NetName=PB9 Pin=R21-2
Removed Pin From Net: NetName=PE5 Pin=R22-2
Removed Pin From Net: NetName=PE6 Pin=R23-2
Change Component Designator: OldDesignator=TP NewDesignator=TP1
Added Pin To Net: NetName=PB9 Pin=P5-3
Added Pin To Net: NetName=PE6 Pin=P5-4
Added Pin To Net: NetName=PE5 Pin=P5-5
Added Pin To Net: NetName=PD7 Pin=Q2-1
Added Pin To Net: NetName=PD5 Pin=Q3-1
Added Pin To Net: NetName=PD6 Pin=Q4-1
Added Pin To Net: NetName=PD7 Pin=R21-2
Added Pin To Net: NetName=PD5 Pin=R22-2
Added Pin To Net: NetName=PD6 Pin=R23-2
Added Member To Class: ClassName=Drone Member=Component M1 NRF24L01
Added Room: Name=Drone
