Added Component: Designator=BT1(Nut Nhan 2 Chan SMD_N)
Add component. Clean all parameters for all variants
Add component (AddParameter): Name = "Chung_Loai"; Value = "Dán"; VariantName = "[No Variations]"
Add component (AddParameter): Name = "Don_Vi"; Value = "Con"; VariantName = "[No Variations]"
Add component (AddParameter): Name = "Kieu_Chan"; Value = ""; VariantName = "[No Variations]"
Add component (AddParameter): Name = "Ma_Hang"; Value = "MH001036"; VariantName = "[No Variations]"
Add component (AddParameter): Name = "So_Chan"; Value = "2"; VariantName = "[No Variations]"
Add component (AddParameter): Name = "Ten_Linh_Kien"; Value = "Nút Nh?n 2 Chân 3x6x2.5MM SMD"; VariantName = "[No Variations]"
Added Component: Designator=C1(tu 0805)
Add component. Clean all parameters for all variants
Add component (AddParameter): Name = "Chung_Loai"; Value = "Dán"; VariantName = "[No Variations]"
Add component (AddParameter): Name = "Don_Vi"; Value = "Con"; VariantName = "[No Variations]"
Add component (AddParameter): Name = "Kieu_Chan"; Value = ""; VariantName = "[No Variations]"
Add component (AddParameter): Name = "Ma_Hang"; Value = "MH004560"; VariantName = "[No Variations]"
Add component (AddParameter): Name = "So_Chan"; Value = "2"; VariantName = "[No Variations]"
Add component (AddParameter): Name = "Ten_Linh_Kien"; Value = "T? 0805 22P 10% 50V"; VariantName = "[No Variations]"
Added Component: Designator=C4(tu 0805)
Add component. Clean all parameters for all variants
Add component (AddParameter): Name = "Chung_Loai"; Value = "Dán"; VariantName = "[No Variations]"
Add component (AddParameter): Name = "Don_Vi"; Value = "Con"; VariantName = "[No Variations]"
Add component (AddParameter): Name = "Kieu_Chan"; Value = ""; VariantName = "[No Variations]"
Add component (AddParameter): Name = "Ma_Hang"; Value = "MH004551"; VariantName = "[No Variations]"
Add component (AddParameter): Name = "So_Chan"; Value = "2"; VariantName = "[No Variations]"
Add component (AddParameter): Name = "Ten_Linh_Kien"; Value = "T? 0805 104-100nF 10% 50V"; VariantName = "[No Variations]"
Added Component: Designator=C6(tu 0805)
Add component. Clean all parameters for all variants
Add component (AddParameter): Name = "Chung_Loai"; Value = "Dán"; VariantName = "[No Variations]"
Add component (AddParameter): Name = "Don_Vi"; Value = "Con"; VariantName = "[No Variations]"
Add component (AddParameter): Name = "Kieu_Chan"; Value = ""; VariantName = "[No Variations]"
Add component (AddParameter): Name = "Ma_Hang"; Value = "MH004560"; VariantName = "[No Variations]"
Add component (AddParameter): Name = "So_Chan"; Value = "2"; VariantName = "[No Variations]"
Add component (AddParameter): Name = "Ten_Linh_Kien"; Value = "T? 0805 22P 10% 50V"; VariantName = "[No Variations]"
Added Component: Designator=C7(tu 0805)
Add component. Clean all parameters for all variants
Add component (AddParameter): Name = "Chung_Loai"; Value = "Dán"; VariantName = "[No Variations]"
Add component (AddParameter): Name = "Don_Vi"; Value = "Con"; VariantName = "[No Variations]"
Add component (AddParameter): Name = "Kieu_Chan"; Value = ""; VariantName = "[No Variations]"
Add component (AddParameter): Name = "Ma_Hang"; Value = "MH004560"; VariantName = "[No Variations]"
Add component (AddParameter): Name = "So_Chan"; Value = "2"; VariantName = "[No Variations]"
Add component (AddParameter): Name = "Ten_Linh_Kien"; Value = "T? 0805 22P 10% 50V"; VariantName = "[No Variations]"
Added Component: Designator=C8(tu 0805)
Add component. Clean all parameters for all variants
Add component (AddParameter): Name = "Chung_Loai"; Value = "Dán"; VariantName = "[No Variations]"
Add component (AddParameter): Name = "Don_Vi"; Value = "Con"; VariantName = "[No Variations]"
Add component (AddParameter): Name = "Kieu_Chan"; Value = ""; VariantName = "[No Variations]"
Add component (AddParameter): Name = "Ma_Hang"; Value = "MH004551"; VariantName = "[No Variations]"
Add component (AddParameter): Name = "So_Chan"; Value = "2"; VariantName = "[No Variations]"
Add component (AddParameter): Name = "Ten_Linh_Kien"; Value = "T? 0805 104-100nF 10% 50V"; VariantName = "[No Variations]"
Added Component: Designator=C9(tu 0805)
Add component. Clean all parameters for all variants
Add component (AddParameter): Name = "Chung_Loai"; Value = "Dán"; VariantName = "[No Variations]"
Add component (AddParameter): Name = "Don_Vi"; Value = "Con"; VariantName = "[No Variations]"
Add component (AddParameter): Name = "Kieu_Chan"; Value = ""; VariantName = "[No Variations]"
Add component (AddParameter): Name = "Ma_Hang"; Value = "MH004551"; VariantName = "[No Variations]"
Add component (AddParameter): Name = "So_Chan"; Value = "2"; VariantName = "[No Variations]"
Add component (AddParameter): Name = "Ten_Linh_Kien"; Value = "T? 0805 104-100nF 10% 50V"; VariantName = "[No Variations]"
Added Component: Designator=C12(tu 0805)
Add component. Clean all parameters for all variants
Add component (AddParameter): Name = "Chung_Loai"; Value = "Dán"; VariantName = "[No Variations]"
Add component (AddParameter): Name = "Don_Vi"; Value = "Con"; VariantName = "[No Variations]"
Add component (AddParameter): Name = "Kieu_Chan"; Value = ""; VariantName = "[No Variations]"
Add component (AddParameter): Name = "Ma_Hang"; Value = "MH004551"; VariantName = "[No Variations]"
Add component (AddParameter): Name = "So_Chan"; Value = "2"; VariantName = "[No Variations]"
Add component (AddParameter): Name = "Ten_Linh_Kien"; Value = "T? 0805 104-100nF 10% 50V"; VariantName = "[No Variations]"
Added Component: Designator=C13(tu 0805)
Add component. Clean all parameters for all variants
Add component (AddParameter): Name = "Chung_Loai"; Value = "Dán"; VariantName = "[No Variations]"
Add component (AddParameter): Name = "Don_Vi"; Value = "Con"; VariantName = "[No Variations]"
Add component (AddParameter): Name = "Kieu_Chan"; Value = ""; VariantName = "[No Variations]"
Add component (AddParameter): Name = "Ma_Hang"; Value = "MH004551"; VariantName = "[No Variations]"
Add component (AddParameter): Name = "So_Chan"; Value = "2"; VariantName = "[No Variations]"
Add component (AddParameter): Name = "Ten_Linh_Kien"; Value = "T? 0805 104-100nF 10% 50V"; VariantName = "[No Variations]"
Added Component: Designator=C14(tu 0805)
Add component. Clean all parameters for all variants
Add component (AddParameter): Name = "Chung_Loai"; Value = "Dán"; VariantName = "[No Variations]"
Add component (AddParameter): Name = "Don_Vi"; Value = "Con"; VariantName = "[No Variations]"
Add component (AddParameter): Name = "Kieu_Chan"; Value = ""; VariantName = "[No Variations]"
Add component (AddParameter): Name = "Ma_Hang"; Value = "MH004551"; VariantName = "[No Variations]"
Add component (AddParameter): Name = "So_Chan"; Value = "2"; VariantName = "[No Variations]"
Add component (AddParameter): Name = "Ten_Linh_Kien"; Value = "T? 0805 104-100nF 10% 50V"; VariantName = "[No Variations]"
Added Component: Designator=C15(tu 0805)
Add component. Clean all parameters for all variants
Add component (AddParameter): Name = "Chung_Loai"; Value = "Dán"; VariantName = "[No Variations]"
Add component (AddParameter): Name = "Don_Vi"; Value = "Con"; VariantName = "[No Variations]"
Add component (AddParameter): Name = "Kieu_Chan"; Value = ""; VariantName = "[No Variations]"
Add component (AddParameter): Name = "Ma_Hang"; Value = "MH004551"; VariantName = "[No Variations]"
Add component (AddParameter): Name = "So_Chan"; Value = "2"; VariantName = "[No Variations]"
Add component (AddParameter): Name = "Ten_Linh_Kien"; Value = "T? 0805 104-100nF 10% 50V"; VariantName = "[No Variations]"
Added Component: Designator=IC1(LQFP48)
Add component. Clean all parameters for all variants
Add component (AddParameter): Name = "Chung_Loai"; Value = "Dán"; VariantName = "[No Variations]"
Add component (AddParameter): Name = "Don_Vi"; Value = "Con"; VariantName = "[No Variations]"
Add component (AddParameter): Name = "Kieu_Chan"; Value = "LQFP48"; VariantName = "[No Variations]"
Add component (AddParameter): Name = "Ma_Hang"; Value = "MH000567"; VariantName = "[No Variations]"
Add component (AddParameter): Name = "So_Chan"; Value = "48"; VariantName = "[No Variations]"
Add component (AddParameter): Name = "Ten_Linh_Kien"; Value = "STM32F103C8T6 LQFP48"; VariantName = "[No Variations]"
Added Component: Designator=J1(JP3)
Add component. Clean all parameters for all variants
Add component (AddParameter): Name = "Value"; Value = "J3"; VariantName = "[No Variations]"
Added Component: Designator=J2(JP3)
Add component. Clean all parameters for all variants
Add component (AddParameter): Name = "Value"; Value = "J3"; VariantName = "[No Variations]"
Added Component: Designator=JP2(JUMP DON DUC 2.54_4P)
Add component. Clean all parameters for all variants
Add component (AddParameter): Name = "Chung_Loai"; Value = "C?m"; VariantName = "[No Variations]"
Add component (AddParameter): Name = "Don_Vi"; Value = "Con"; VariantName = "[No Variations]"
Add component (AddParameter): Name = "Kieu_Chan"; Value = ""; VariantName = "[No Variations]"
Add component (AddParameter): Name = "Ma_Hang"; Value = ""; VariantName = "[No Variations]"
Add component (AddParameter): Name = "So_Chan"; Value = "4"; VariantName = "[No Variations]"
Add component (AddParameter): Name = "Ten_Linh_Kien"; Value = "Jump Ðon Ð?c 2.54MM 2x40P Th?ng 11MM"; VariantName = "[No Variations]"
Added Component: Designator=JP3(Jump Don Duc Thang 2.54_8p)
Add component. Clean all parameters for all variants
Add component (AddParameter): Name = "Chung_Loai"; Value = "C?m"; VariantName = "[No Variations]"
Add component (AddParameter): Name = "Don_Vi"; Value = "Con"; VariantName = "[No Variations]"
Add component (AddParameter): Name = "Ghi_Chu"; Value = ""; VariantName = "[No Variations]"
Add component (AddParameter): Name = "Kieu Chan"; Value = ""; VariantName = "[No Variations]"
Add component (AddParameter): Name = "Ma_Hang"; Value = "MH000903"; VariantName = "[No Variations]"
Add component (AddParameter): Name = "Ten_Linh_Kien"; Value = "Jump Ðon Ð?c 2.54MM 1x40P Th?ng 11MM"; VariantName = "[No Variations]"
Added Component: Designator=JP4(Jump Don Duc Thang 2.54_8p)
Add component. Clean all parameters for all variants
Add component (AddParameter): Name = "Chung_Loai"; Value = "C?m"; VariantName = "[No Variations]"
Add component (AddParameter): Name = "Don_Vi"; Value = "Con"; VariantName = "[No Variations]"
Add component (AddParameter): Name = "Ghi_Chu"; Value = ""; VariantName = "[No Variations]"
Add component (AddParameter): Name = "Kieu Chan"; Value = ""; VariantName = "[No Variations]"
Add component (AddParameter): Name = "Ma_Hang"; Value = "MH000903"; VariantName = "[No Variations]"
Add component (AddParameter): Name = "Ten_Linh_Kien"; Value = "Jump Ðon Ð?c 2.54MM 1x40P Th?ng 11MM"; VariantName = "[No Variations]"
Added Component: Designator=JP5(Jump Don Duc Thang 2.54_8p)
Add component. Clean all parameters for all variants
Add component (AddParameter): Name = "Chung_Loai"; Value = "C?m"; VariantName = "[No Variations]"
Add component (AddParameter): Name = "Don_Vi"; Value = "Con"; VariantName = "[No Variations]"
Add component (AddParameter): Name = "Ghi_Chu"; Value = ""; VariantName = "[No Variations]"
Add component (AddParameter): Name = "Kieu Chan"; Value = ""; VariantName = "[No Variations]"
Add component (AddParameter): Name = "Ma_Hang"; Value = "MH000903"; VariantName = "[No Variations]"
Add component (AddParameter): Name = "Ten_Linh_Kien"; Value = "Jump Ðon Ð?c 2.54MM 1x40P Th?ng 11MM"; VariantName = "[No Variations]"
Added Component: Designator=JP?(Jump Doi Duc Thang 2.54_3x2)
Add component. Clean all parameters for all variants
Add component (AddParameter): Name = "Chung_Loai"; Value = "C?m"; VariantName = "[No Variations]"
Add component (AddParameter): Name = "Don_Vi"; Value = "Con"; VariantName = "[No Variations]"
Add component (AddParameter): Name = "Ma_Hang"; Value = "MH002686"; VariantName = "[No Variations]"
Add component (AddParameter): Name = "Ten_Linh_Kien"; Value = "Jump Ðôi Ð?c 2.54MM 2x40P Th?ng 11MM"; VariantName = "[No Variations]"
Added Component: Designator=LED1(led 0805)
Add component. Clean all parameters for all variants
Add component (AddParameter): Name = "Chung_Loai"; Value = "Dán"; VariantName = "[No Variations]"
Add component (AddParameter): Name = "Don_Vi"; Value = "Con"; VariantName = "[No Variations]"
Add component (AddParameter): Name = "Kieu_Chan"; Value = ""; VariantName = "[No Variations]"
Add component (AddParameter): Name = "Ma_Hang"; Value = "MH000897"; VariantName = "[No Variations]"
Add component (AddParameter): Name = "So_Chan"; Value = "2"; VariantName = "[No Variations]"
Add component (AddParameter): Name = "Ten_Linh_Kien"; Value = "LED 0805 Màu Ð?"; VariantName = "[No Variations]"
Added Component: Designator=P2(SW 2P SMD)
Add component. Clean all parameters for all variants
Add component (AddParameter): Name = "Link"; Value = "https://ram-e-shop.com/product/press2pin-smd/"; VariantName = "[No Variations]"
Add component (AddParameter): Name = "MPN"; Value = "SMD Mini Push Button 2 SMD"; VariantName = "[No Variations]"
Added Component: Designator=P4(SW 2P SMD)
Add component. Clean all parameters for all variants
Add component (AddParameter): Name = "Link"; Value = "https://ram-e-shop.com/product/press2pin-smd/"; VariantName = "[No Variations]"
Add component (AddParameter): Name = "MPN"; Value = "SMD Mini Push Button 2 SMD"; VariantName = "[No Variations]"
Added Component: Designator=P5(Jump don duc 2.54_2P)
Add component. Clean all parameters for all variants
Add component (AddParameter): Name = "Chung_Loai"; Value = "C?m"; VariantName = "[No Variations]"
Add component (AddParameter): Name = "Don_Vi"; Value = "Con"; VariantName = "[No Variations]"
Add component (AddParameter): Name = "Kieu_Chan"; Value = "Jump don duc 2.54"; VariantName = "[No Variations]"
Add component (AddParameter): Name = "Ma_Hang"; Value = "MH000903"; VariantName = "[No Variations]"
Add component (AddParameter): Name = "So_Chan"; Value = "2"; VariantName = "[No Variations]"
Add component (AddParameter): Name = "Ten_Linh_Kien"; Value = "Jum don d?c 2.54MM 1X40P Th?ng 11MM"; VariantName = "[No Variations]"
Added Component: Designator=P6(SW 2P SMD)
Add component. Clean all parameters for all variants
Add component (AddParameter): Name = "Link"; Value = "https://ram-e-shop.com/product/press2pin-smd/"; VariantName = "[No Variations]"
Add component (AddParameter): Name = "MPN"; Value = "SMD Mini Push Button 2 SMD"; VariantName = "[No Variations]"
Added Component: Designator=P7(SW 2P SMD)
Add component. Clean all parameters for all variants
Add component (AddParameter): Name = "Link"; Value = "https://ram-e-shop.com/product/press2pin-smd/"; VariantName = "[No Variations]"
Add component (AddParameter): Name = "MPN"; Value = "SMD Mini Push Button 2 SMD"; VariantName = "[No Variations]"
Added Component: Designator=R1(tro 0805)
Add component. Clean all parameters for all variants
Add component (AddParameter): Name = "Chung_Loai"; Value = "Dán"; VariantName = "[No Variations]"
Add component (AddParameter): Name = "Don_Vi"; Value = "Con"; VariantName = "[No Variations]"
Add component (AddParameter): Name = "Kieu_Chan"; Value = ""; VariantName = "[No Variations]"
Add component (AddParameter): Name = "Ma_Hang"; Value = "MH005239"; VariantName = "[No Variations]"
Add component (AddParameter): Name = "So_Chan"; Value = "2"; VariantName = "[No Variations]"
Add component (AddParameter): Name = "Ten_Linh_Kien"; Value = "Tr? 0805 5% 10k"; VariantName = "[No Variations]"
Added Component: Designator=R14(tro 0805)
Add component. Clean all parameters for all variants
Add component (AddParameter): Name = "Chung_Loai"; Value = "Dán"; VariantName = "[No Variations]"
Add component (AddParameter): Name = "Don_Vi"; Value = "Con"; VariantName = "[No Variations]"
Add component (AddParameter): Name = "Kieu_Chan"; Value = ""; VariantName = "[No Variations]"
Add component (AddParameter): Name = "Ma_Hang"; Value = "MH005473"; VariantName = "[No Variations]"
Add component (AddParameter): Name = "So_Chan"; Value = "2"; VariantName = "[No Variations]"
Add component (AddParameter): Name = "Ten_Linh_Kien"; Value = "Tr? 0805 1% 10k"; VariantName = "[No Variations]"
Added Component: Designator=SW1(SW3P)
Add component. Clean all parameters for all variants
Added Component: Designator=U1(ESP8266_12_E_L)
Add component. Clean all parameters for all variants
Add component (AddParameter): Name = "IC"; Value = "ESP8266EX"; VariantName = "[No Variations]"
Add component (AddParameter): Name = "Value"; Value = "ESP_12_E"; VariantName = "[No Variations]"
Add component (AddParameter): Name = "Vendor"; Value = "AI-Thinker"; VariantName = "[No Variations]"
Added Component: Designator=Y1(thach anh 49s smd)
Add component. Clean all parameters for all variants
Add component (AddParameter): Name = "Chung_Loai"; Value = "Dán"; VariantName = "[No Variations]"
Add component (AddParameter): Name = "Don_Vi"; Value = "Con"; VariantName = "[No Variations]"
Add component (AddParameter): Name = "Kieu_Chan"; Value = "49S SMD"; VariantName = "[No Variations]"
Add component (AddParameter): Name = "Ma_Hang"; Value = "MH001985"; VariantName = "[No Variations]"
Add component (AddParameter): Name = "So_Chan"; Value = "2"; VariantName = "[No Variations]"
Add component (AddParameter): Name = "Ten_Linh_Kien"; Value = "Th?ch anh 8MHz 49S SMD"; VariantName = "[No Variations]"
Added Pin To Net: NetName=3V3 Pin=C1-1
Added Pin To Net: NetName=3V3 Pin=C8-1
Added Pin To Net: NetName=3V3 Pin=C9-2
Added Pin To Net: NetName=3V3 Pin=C12-1
Added Pin To Net: NetName=3V3 Pin=C13-2
Added Pin To Net: NetName=3V3 Pin=IC1-9
Added Pin To Net: NetName=3V3 Pin=IC1-24
Added Pin To Net: NetName=3V3 Pin=IC1-36
Added Pin To Net: NetName=3V3 Pin=IC1-48
Added Pin To Net: NetName=3V3 Pin=JP2-4
Added Pin To Net: NetName=3V3 Pin=JP?-2
Added Pin To Net: NetName=3V3 Pin=JP?-4
Added Pin To Net: NetName=3V3 Pin=JP?-6
Added Pin To Net: NetName=3V3 Pin=R1-2
Added Pin To Net: NetName=3V3 Pin=U1-8
Added Net: Name=3V3
Added Pin To Net: NetName=BP0 Pin=IC1-18
Added Pin To Net: NetName=BP0 Pin=P4-2
Added Net: Name=BP0
Added Pin To Net: NetName=BP1 Pin=IC1-19
Added Net: Name=BP1
Added Pin To Net: NetName=BP2 Pin=IC1-20
Added Net: Name=BP2
Added Pin To Net: NetName=BP10 Pin=IC1-21
Added Net: Name=BP10
Added Pin To Net: NetName=BP11 Pin=IC1-22
Added Net: Name=BP11
Added Pin To Net: NetName=CONFIG Pin=P7-2
Added Pin To Net: NetName=CONFIG Pin=U1-5
Added Net: Name=CONFIG
Added Pin To Net: NetName=EN Pin=U1-3
Added Net: Name=EN
Added Pin To Net: NetName=GND Pin=BT1-2
Added Pin To Net: NetName=GND Pin=C1-2
Added Pin To Net: NetName=GND Pin=C4-2
Added Pin To Net: NetName=GND Pin=C6-1
Added Pin To Net: NetName=GND Pin=C7-1
Added Pin To Net: NetName=GND Pin=C8-2
Added Pin To Net: NetName=GND Pin=C9-1
Added Pin To Net: NetName=GND Pin=C12-2
Added Pin To Net: NetName=GND Pin=C13-1
Added Pin To Net: NetName=GND Pin=C14-2
Added Pin To Net: NetName=GND Pin=C15-2
Added Pin To Net: NetName=GND Pin=IC1-8
Added Pin To Net: NetName=GND Pin=IC1-23
Added Pin To Net: NetName=GND Pin=IC1-35
Added Pin To Net: NetName=GND Pin=IC1-47
Added Pin To Net: NetName=GND Pin=JP2-3
Added Pin To Net: NetName=GND Pin=JP?-1
Added Pin To Net: NetName=GND Pin=JP?-3
Added Pin To Net: NetName=GND Pin=JP?-5
Added Pin To Net: NetName=GND Pin=LED1-2
Added Pin To Net: NetName=GND Pin=P2-1
Added Pin To Net: NetName=GND Pin=P4-1
Added Pin To Net: NetName=GND Pin=P6-1
Added Pin To Net: NetName=GND Pin=P7-1
Added Pin To Net: NetName=GND Pin=R14-2
Added Pin To Net: NetName=GND Pin=SW1-2
Added Pin To Net: NetName=GND Pin=U1-15
Added Net: Name=GND
Added Pin To Net: NetName=GPIO0 Pin=SW1-1
Added Pin To Net: NetName=GPIO0 Pin=U1-18
Added Net: Name=GPIO0
Added Pin To Net: NetName=GPIO2 Pin=U1-17
Added Net: Name=GPIO2
Added Pin To Net: NetName=GPIO4 Pin=P5-1
Added Pin To Net: NetName=GPIO4 Pin=U1-19
Added Net: Name=GPIO4
Added Pin To Net: NetName=GPIO5 Pin=P5-2
Added Pin To Net: NetName=GPIO5 Pin=U1-20
Added Net: Name=GPIO5
Added Pin To Net: NetName=GPIO9 Pin=J1-3
Added Pin To Net: NetName=GPIO9 Pin=U1-9
Added Net: Name=GPIO9
Added Pin To Net: NetName=GPIO10 Pin=J1-2
Added Pin To Net: NetName=GPIO10 Pin=U1-10
Added Net: Name=GPIO10
Added Pin To Net: NetName=GPIO11 Pin=J1-1
Added Pin To Net: NetName=GPIO11 Pin=U1-11
Added Net: Name=GPIO11
Added Pin To Net: NetName=GPIO12 Pin=J2-1
Added Pin To Net: NetName=GPIO12 Pin=U1-12
Added Net: Name=GPIO12
Added Pin To Net: NetName=GPIO13 Pin=J2-2
Added Pin To Net: NetName=GPIO13 Pin=U1-13
Added Net: Name=GPIO13
Added Pin To Net: NetName=GPIO14 Pin=J2-3
Added Pin To Net: NetName=GPIO14 Pin=U1-14
Added Net: Name=GPIO14
Added Pin To Net: NetName=GPIO15 Pin=U1-16
Added Net: Name=GPIO15
Added Pin To Net: NetName=LED_ESP Pin=U1-4
Added Net: Name=LED_ESP
Added Net: Name=NetC11_1
Added Pin To Net: NetName=NetC14_1 Pin=C14-1
Added Net: Name=NetC14_1
Added Pin To Net: NetName=NetC15_1 Pin=C15-1
Added Net: Name=NetC15_1
Added Net: Name=NetD1_1
Added Net: Name=NetD1_2
Added Pin To Net: NetName=NetIC1_44 Pin=IC1-44
Added Pin To Net: NetName=NetIC1_44 Pin=R14-1
Added Net: Name=NetIC1_44
Added Pin To Net: NetName=NetLED1_1 Pin=LED1-1
Added Net: Name=NetLED1_1
Added Net: Name=NetLED2_1
Added Net: Name=NetLED3_1
Added Net: Name=NetLED4_1
Added Net: Name=NetLED5_1
Added Net: Name=NetLED7_1
Added Net: Name=NetLED8_1
Added Net: Name=NetMIC1_5
Added Pin To Net: NetName=OSC_IN Pin=C7-2
Added Pin To Net: NetName=OSC_IN Pin=IC1-5
Added Pin To Net: NetName=OSC_IN Pin=Y1-2
Added Net: Name=OSC_IN
Added Pin To Net: NetName=OSC_OUT Pin=C6-2
Added Pin To Net: NetName=OSC_OUT Pin=IC1-6
Added Pin To Net: NetName=OSC_OUT Pin=Y1-1
Added Net: Name=OSC_OUT
Added Pin To Net: NetName=PA0 Pin=IC1-10
Added Pin To Net: NetName=PA0 Pin=JP3-8
Added Net: Name=PA0
Added Pin To Net: NetName=PA1 Pin=IC1-11
Added Pin To Net: NetName=PA1 Pin=JP3-7
Added Net: Name=PA1
Added Pin To Net: NetName=PA2 Pin=IC1-12
Added Pin To Net: NetName=PA2 Pin=JP3-6
Added Net: Name=PA2
Added Pin To Net: NetName=PA3 Pin=IC1-13
Added Pin To Net: NetName=PA3 Pin=JP3-5
Added Net: Name=PA3
Added Pin To Net: NetName=PA4 Pin=IC1-14
Added Pin To Net: NetName=PA4 Pin=JP3-4
Added Net: Name=PA4
Added Pin To Net: NetName=PA5 Pin=IC1-15
Added Pin To Net: NetName=PA5 Pin=JP3-3
Added Net: Name=PA5
Added Pin To Net: NetName=PA6 Pin=IC1-16
Added Pin To Net: NetName=PA6 Pin=JP3-2
Added Net: Name=PA6
Added Pin To Net: NetName=PA7 Pin=IC1-17
Added Pin To Net: NetName=PA7 Pin=P2-2
Added Net: Name=PA7
Added Pin To Net: NetName=PA8 Pin=IC1-29
Added Pin To Net: NetName=PA8 Pin=JP4-4
Added Net: Name=PA8
Added Pin To Net: NetName=PA11 Pin=IC1-32
Added Pin To Net: NetName=PA11 Pin=JP4-3
Added Net: Name=PA11
Added Pin To Net: NetName=PA12 Pin=IC1-33
Added Pin To Net: NetName=PA12 Pin=JP4-2
Added Net: Name=PA12
Added Pin To Net: NetName=PA15 Pin=IC1-38
Added Pin To Net: NetName=PA15 Pin=JP5-8
Added Net: Name=PA15
Added Pin To Net: NetName=PB3 Pin=IC1-39
Added Pin To Net: NetName=PB3 Pin=JP5-7
Added Net: Name=PB3
Added Pin To Net: NetName=PB4 Pin=IC1-40
Added Pin To Net: NetName=PB4 Pin=JP5-6
Added Net: Name=PB4
Added Pin To Net: NetName=PB5 Pin=IC1-41
Added Pin To Net: NetName=PB5 Pin=JP5-5
Added Net: Name=PB5
Added Pin To Net: NetName=PB6 Pin=IC1-42
Added Pin To Net: NetName=PB6 Pin=JP5-4
Added Net: Name=PB6
Added Pin To Net: NetName=PB7 Pin=IC1-43
Added Pin To Net: NetName=PB7 Pin=JP5-3
Added Net: Name=PB7
Added Pin To Net: NetName=PB8 Pin=IC1-45
Added Pin To Net: NetName=PB8 Pin=JP5-2
Added Net: Name=PB8
Added Pin To Net: NetName=PB9 Pin=IC1-46
Added Pin To Net: NetName=PB9 Pin=JP5-1
Added Net: Name=PB9
Added Pin To Net: NetName=PB12 Pin=IC1-25
Added Pin To Net: NetName=PB12 Pin=JP4-8
Added Net: Name=PB12
Added Pin To Net: NetName=PB13 Pin=IC1-26
Added Pin To Net: NetName=PB13 Pin=JP4-7
Added Net: Name=PB13
Added Pin To Net: NetName=PB14 Pin=IC1-27
Added Pin To Net: NetName=PB14 Pin=JP4-6
Added Net: Name=PB14
Added Pin To Net: NetName=PB15 Pin=IC1-28
Added Pin To Net: NetName=PB15 Pin=JP4-5
Added Net: Name=PB15
Added Pin To Net: NetName=RST_STM Pin=BT1-1
Added Pin To Net: NetName=RST_STM Pin=C4-1
Added Pin To Net: NetName=RST_STM Pin=IC1-7
Added Pin To Net: NetName=RST_STM Pin=R1-1
Added Net: Name=RST_STM
Added Pin To Net: NetName=RST Pin=P6-2
Added Pin To Net: NetName=RST Pin=U1-1
Added Net: Name=RST
Added Pin To Net: NetName=RX_SOFTWARE Pin=IC1-30
Added Pin To Net: NetName=RX_SOFTWARE Pin=U1-6
Added Net: Name=RX_SOFTWARE
Added Pin To Net: NetName=RXD Pin=U1-21
Added Net: Name=RXD
Added Pin To Net: NetName=SWCLK Pin=IC1-37
Added Pin To Net: NetName=SWCLK Pin=JP2-1
Added Net: Name=SWCLK
Added Pin To Net: NetName=SWDIO Pin=IC1-34
Added Pin To Net: NetName=SWDIO Pin=JP2-2
Added Net: Name=SWDIO
Added Pin To Net: NetName=TX_SOFTWARE Pin=IC1-31
Added Pin To Net: NetName=TX_SOFTWARE Pin=U1-7
Added Net: Name=TX_SOFTWARE
Added Pin To Net: NetName=TXD Pin=U1-22
Added Net: Name=TXD
Added Net: Name=VIN
Added Class: Name=Sheet1
Added Room: Name=Sheet1
